<?xml version="1.0" encoding="UTF-8" ?>
<testsuite errors="0" failures="0" hostname="lp-hmanikkothu1" name="DivTest" tests="5" time="0.049" timestamp="2016-03-12T22:57:30">
  <properties>
[...]
</properties>
  <testcase classname="DivTest" name="testDivIntFail" time="0.002" />
  <testcase classname="DivTest" name="testDivIntPass" time="0.0" />
  <testcase classname="DivTest" name="testDivIntByZero" time="0.0" />
  <testcase classname="DivTest" name="testDivRealByZero" time="0.001" />
  <testcase classname="DivTest" name="testDivRealPass" time="0.001" />
  <system-out><![CDATA[]]></system-out>
  <system-err><![CDATA[]]></system-err>
</testsuite>
